Finished getting top headlines for the day of Tue Jun 28 2022 01:05:24 GMT+0000 (Coordinated Universal Time)<br>
Finished getting top headlines for the day of Tue Jun 28 2022 06:07:06 GMT+0000 (Coordinated Universal Time)<br>
Finished getting top headlines for the day of Tue Jun 28 2022 06:20:09 GMT+0000 (Coordinated Universal Time)<br>
Finished getting top headlines for the day of Tue Jun 28 2022 17:37:53 GMT+0000 (Coordinated Universal Time)<br>
Finished getting top headlines for the day of 6/28/2022, 9:33:41 PM<br>
Finished getting top headlines for the day of 6/28/2022, 9:37:38 PM<br>
Finished getting top headlines for the day of 6/29/2022, 5:40:23 AM<br>
[6/29/2022, 1:37:51 PM]: Finished getting top headlines<br>
[6/29/2022, 8:46:30 PM]: Finished getting top headlines<br>
[6/30/2022, 1:46:20 AM]: Finished getting top headlines<br>
[6/30/2022, 6:46:22 AM]: Finished getting top headlines<br>
[6/30/2022, 11:46:30 AM]: Finished getting top headlines<br>
[6/30/2022, 4:46:36 PM]: Finished getting top headlines<br>
[6/30/2022, 9:46:26 PM]: Finished getting top headlines<br>
[7/1/2022, 2:46:20 AM]: Finished getting top headlines<br>
[7/1/2022, 7:46:25 AM]: Finished getting top headlines<br>
[7/1/2022, 12:46:19 PM]: Finished getting top headlines<br>
[7/1/2022, 5:46:27 PM]: Finished getting top headlines<br>
[7/1/2022, 10:46:24 PM]: Finished getting top headlines<br>
[7/2/2022, 3:46:21 AM]: Finished getting top headlines<br>
[7/2/2022, 8:46:17 AM]: Finished getting top headlines<br>
[7/2/2022, 1:46:21 PM]: Finished getting top headlines<br>
[7/2/2022, 6:46:18 PM]: Finished getting top headlines<br>
[7/2/2022, 11:46:25 PM]: Finished getting top headlines<br>
[7/3/2022, 4:46:21 AM]: Finished getting top headlines<br>
[7/3/2022, 9:46:23 AM]: Finished getting top headlines<br>
[7/3/2022, 2:46:19 PM]: Finished getting top headlines<br>
